# JRE version: Java(TM) SE Runtime Environment (17.0.12+8) (build 17.0.12+8-LTS-286)
# Java VM: Java HotSpot(TM) 64-Bit Server VM (17.0.12+8-LTS-286, mixed mode, sharing, tiered, compressed oops, compressed class ptrs, g1 gc, windows-amd64)
GC Precious Log:
 CPUs: 8 total, 8 available
 Memory: 6060M
 Large Page Support: Disabled
 NUMA Support: Disabled
 Compressed Oops: Enabled (32-bit)
 Heap Region Size: 1M
 Heap Min Capacity: 8M
 Heap Initial Capacity: 96M
 Heap Max Capacity: 1516M
 Pre-touch: Disabled
 Parallel Workers: 8
 Concurrent Workers: 2
 Concurrent Refinement Workers: 8
 Periodic GC: Disabled
Heap:
 garbage-first heap   total 245760K, used 162031K [0x00000000a1400000, 0x0000000100000000)
  region size 1024K, 95 young (97280K), 4 survivors (4096K)
 Metaspace       used 88025K, committed 88704K, reserved 1179648K
  class space    used 12282K, committed 12608K, reserved 1048576K
GC Heap History (20 events):
Event: 18.580 GC heap before
{Heap before GC invocations=31 (full 0):
 garbage-first heap   total 80896K, used 61347K [0x00000000a1400000, 0x0000000100000000)
  region size 1024K, 15 young (15360K), 2 survivors (2048K)
 Metaspace       used 70031K, committed 70656K, reserved 1114112K
  class space    used 9875K, committed 10176K, reserved 1048576K
}
Event: 18.589 GC heap after
{Heap after GC invocations=32 (full 0):
 garbage-first heap   total 80896K, used 53667K [0x00000000a1400000, 0x0000000100000000)
  region size 1024K, 2 young (2048K), 2 survivors (2048K)
 Metaspace       used 70031K, committed 70656K, reserved 1114112K
  class space    used 9875K, committed 10176K, reserved 1048576K
}
Event: 18.743 GC heap before
{Heap before GC invocations=33 (full 0):
 garbage-first heap   total 99328K, used 63907K [0x00000000a1400000, 0x0000000100000000)
  region size 1024K, 11 young (11264K), 2 survivors (2048K)
 Metaspace       used 70031K, committed 70656K, reserved 1114112K
  class space    used 9875K, committed 10176K, reserved 1048576K
}
Event: 18.750 GC heap after
{Heap after GC invocations=34 (full 0):
 garbage-first heap   total 99328K, used 58874K [0x00000000a1400000, 0x0000000100000000)
  region size 1024K, 2 young (2048K), 2 survivors (2048K)
 Metaspace       used 70031K, committed 70656K, reserved 1114112K
  class space    used 9875K, committed 10176K, reserved 1048576K
}
Event: 18.763 GC heap before
{Heap before GC invocations=34 (full 0):
 garbage-first heap   total 99328K, used 60922K [0x00000000a1400000, 0x0000000100000000)
  region size 1024K, 4 young (4096K), 2 survivors (2048K)
 Metaspace       used 70031K, committed 70656K, reserved 1114112K
  class space    used 9875K, committed 10176K, reserved 1048576K
}
Event: 18.768 GC heap after
{Heap after GC invocations=35 (full 0):
 garbage-first heap   total 174080K, used 59033K [0x00000000a1400000, 0x0000000100000000)
  region size 1024K, 1 young (1024K), 1 survivors (1024K)
 Metaspace       used 70031K, committed 70656K, reserved 1114112K
  class space    used 9875K, committed 10176K, reserved 1048576K
}
Event: 19.699 GC heap before
{Heap before GC invocations=35 (full 0):
 garbage-first heap   total 174080K, used 110233K [0x00000000a1400000, 0x0000000100000000)
  region size 1024K, 51 young (52224K), 1 survivors (1024K)
 Metaspace       used 70056K, committed 70656K, reserved 1114112K
  class space    used 9877K, committed 10176K, reserved 1048576K
}
Event: 19.702 GC heap after
{Heap after GC invocations=36 (full 0):
 garbage-first heap   total 174080K, used 61005K [0x00000000a1400000, 0x0000000100000000)
  region size 1024K, 3 young (3072K), 3 survivors (3072K)
 Metaspace       used 70056K, committed 70656K, reserved 1114112K
  class space    used 9877K, committed 10176K, reserved 1048576K
}
Event: 20.571 GC heap before
{Heap before GC invocations=36 (full 0):
 garbage-first heap   total 174080K, used 124493K [0x00000000a1400000, 0x0000000100000000)
  region size 1024K, 65 young (66560K), 3 survivors (3072K)
 Metaspace       used 70080K, committed 70720K, reserved 1114112K
  class space    used 9879K, committed 10176K, reserved 1048576K
}
Event: 20.582 GC heap after
{Heap after GC invocations=37 (full 0):
 garbage-first heap   total 174080K, used 67837K [0x00000000a1400000, 0x0000000100000000)
  region size 1024K, 9 young (9216K), 9 survivors (9216K)
 Metaspace       used 70080K, committed 70720K, reserved 1114112K
  class space    used 9879K, committed 10176K, reserved 1048576K
}
Event: 20.957 GC heap before
{Heap before GC invocations=37 (full 0):
 garbage-first heap   total 174080K, used 128253K [0x00000000a1400000, 0x0000000100000000)
  region size 1024K, 67 young (68608K), 9 survivors (9216K)
 Metaspace       used 70080K, committed 70720K, reserved 1114112K
  class space    used 9879K, committed 10176K, reserved 1048576K
}
Event: 20.988 GC heap after
{Heap after GC invocations=38 (full 0):
 garbage-first heap   total 174080K, used 91989K [0x00000000a1400000, 0x0000000100000000)
  region size 1024K, 9 young (9216K), 9 survivors (9216K)
 Metaspace       used 70080K, committed 70720K, reserved 1114112K
  class space    used 9879K, committed 10176K, reserved 1048576K
}
Event: 21.041 GC heap before
{Heap before GC invocations=38 (full 0):
 garbage-first heap   total 174080K, used 97109K [0x00000000a1400000, 0x0000000100000000)
  region size 1024K, 15 young (15360K), 9 survivors (9216K)
 Metaspace       used 70082K, committed 70720K, reserved 1114112K
  class space    used 9879K, committed 10176K, reserved 1048576K
}
Event: 21.056 GC heap after
{Heap after GC invocations=39 (full 0):
 garbage-first heap   total 174080K, used 96474K [0x00000000a1400000, 0x0000000100000000)
  region size 1024K, 4 young (4096K), 4 survivors (4096K)
 Metaspace       used 70082K, committed 70720K, reserved 1114112K
  class space    used 9879K, committed 10176K, reserved 1048576K
}
Event: 21.355 GC heap before
{Heap before GC invocations=40 (full 0):
 garbage-first heap   total 174080K, used 123098K [0x00000000a1400000, 0x0000000100000000)
  region size 1024K, 34 young (34816K), 4 survivors (4096K)
 Metaspace       used 70085K, committed 70720K, reserved 1114112K
  class space    used 9879K, committed 10176K, reserved 1048576K
}
Event: 21.369 GC heap after
{Heap after GC invocations=41 (full 0):
 garbage-first heap   total 174080K, used 101938K [0x00000000a1400000, 0x0000000100000000)
  region size 1024K, 5 young (5120K), 5 survivors (5120K)
 Metaspace       used 70085K, committed 70720K, reserved 1114112K
  class space    used 9879K, committed 10176K, reserved 1048576K
}
Event: 21.387 GC heap before
{Heap before GC invocations=41 (full 0):
 garbage-first heap   total 174080K, used 105010K [0x00000000a1400000, 0x0000000100000000)
  region size 1024K, 8 young (8192K), 5 survivors (5120K)
 Metaspace       used 70085K, committed 70720K, reserved 1114112K
  class space    used 9879K, committed 10176K, reserved 1048576K
}
Event: 21.396 GC heap after
{Heap after GC invocations=42 (full 0):
 garbage-first heap   total 174080K, used 92354K [0x00000000a1400000, 0x0000000100000000)
  region size 1024K, 1 young (1024K), 1 survivors (1024K)
 Metaspace       used 70085K, committed 70720K, reserved 1114112K
  class space    used 9879K, committed 10176K, reserved 1048576K
}
Event: 22.349 GC heap before
{Heap before GC invocations=42 (full 0):
 garbage-first heap   total 174080K, used 125122K [0x00000000a1400000, 0x0000000100000000)
  region size 1024K, 33 young (33792K), 1 survivors (1024K)
 Metaspace       used 72188K, committed 72768K, reserved 1114112K
  class space    used 10205K, committed 10496K, reserved 1048576K
}
Event: 22.356 GC heap after
{Heap after GC invocations=43 (full 0):
 garbage-first heap   total 414720K, used 94447K [0x00000000a1400000, 0x0000000100000000)
  region size 1024K, 4 young (4096K), 4 survivors (4096K)
 Metaspace       used 72188K, committed 72768K, reserved 1114112K
  class space    used 10205K, committed 10496K, reserved 1048576K
}

