# JRE version: Java(TM) SE Runtime Environment (17.0.12+8) (build 17.0.12+8-LTS-286)
# Java VM: Java HotSpot(TM) 64-Bit Server VM (17.0.12+8-LTS-286, mixed mode, sharing, tiered, compressed oops, compressed class ptrs, g1 gc, windows-amd64)
GC Precious Log:
 CPUs: 8 total, 8 available
 Memory: 6060M
 Large Page Support: Disabled
 NUMA Support: Disabled
 Compressed Oops: Enabled (32-bit)
 Heap Region Size: 1M
 Heap Min Capacity: 8M
 Heap Initial Capacity: 96M
 Heap Max Capacity: 1516M
 Pre-touch: Disabled
 Parallel Workers: 8
 Concurrent Workers: 2
 Concurrent Refinement Workers: 8
 Periodic GC: Disabled
Heap:
 garbage-first heap   total 363520K, used 191069K [0x00000000a1400000, 0x0000000100000000)
  region size 1024K, 75 young (76800K), 2 survivors (2048K)
 Metaspace       used 80539K, committed 81152K, reserved 1179648K
  class space    used 11342K, committed 11648K, reserved 1048576K
GC Heap History (20 events):
Event: 14.857 GC heap before
{Heap before GC invocations=25 (full 0):
 garbage-first heap   total 65536K, used 46710K [0x00000000a1400000, 0x0000000100000000)
  region size 1024K, 14 young (14336K), 2 survivors (2048K)
 Metaspace       used 69767K, committed 70400K, reserved 1114112K
  class space    used 9846K, committed 10176K, reserved 1048576K
}
Event: 14.862 GC heap after
{Heap after GC invocations=26 (full 0):
 garbage-first heap   total 65536K, used 35270K [0x00000000a1400000, 0x0000000100000000)
  region size 1024K, 2 young (2048K), 2 survivors (2048K)
 Metaspace       used 69767K, committed 70400K, reserved 1114112K
  class space    used 9846K, committed 10176K, reserved 1048576K
}
Event: 14.936 GC heap before
{Heap before GC invocations=26 (full 0):
 garbage-first heap   total 65536K, used 50630K [0x00000000a1400000, 0x0000000100000000)
  region size 1024K, 18 young (18432K), 2 survivors (2048K)
 Metaspace       used 69780K, committed 70400K, reserved 1114112K
  class space    used 9846K, committed 10176K, reserved 1048576K
}
Event: 14.940 GC heap after
{Heap after GC invocations=27 (full 0):
 garbage-first heap   total 65536K, used 37267K [0x00000000a1400000, 0x0000000100000000)
  region size 1024K, 3 young (3072K), 3 survivors (3072K)
 Metaspace       used 69780K, committed 70400K, reserved 1114112K
  class space    used 9846K, committed 10176K, reserved 1048576K
}
Event: 15.024 GC heap before
{Heap before GC invocations=28 (full 0):
 garbage-first heap   total 83968K, used 50579K [0x00000000a1400000, 0x0000000100000000)
  region size 1024K, 16 young (16384K), 3 survivors (3072K)
 Metaspace       used 69794K, committed 70400K, reserved 1114112K
  class space    used 9846K, committed 10176K, reserved 1048576K
}
Event: 15.028 GC heap after
{Heap after GC invocations=29 (full 0):
 garbage-first heap   total 113664K, used 37850K [0x00000000a1400000, 0x0000000100000000)
  region size 1024K, 1 young (1024K), 1 survivors (1024K)
 Metaspace       used 69794K, committed 70400K, reserved 1114112K
  class space    used 9846K, committed 10176K, reserved 1048576K
}
Event: 15.305 GC heap before
{Heap before GC invocations=29 (full 0):
 garbage-first heap   total 113664K, used 88026K [0x00000000a1400000, 0x0000000100000000)
  region size 1024K, 49 young (50176K), 1 survivors (1024K)
 Metaspace       used 69799K, committed 70400K, reserved 1114112K
  class space    used 9848K, committed 10176K, reserved 1048576K
}
Event: 15.323 GC heap after
{Heap after GC invocations=30 (full 0):
 garbage-first heap   total 113664K, used 56513K [0x00000000a1400000, 0x0000000100000000)
  region size 1024K, 7 young (7168K), 7 survivors (7168K)
 Metaspace       used 69799K, committed 70400K, reserved 1114112K
  class space    used 9848K, committed 10176K, reserved 1048576K
}
Event: 15.465 GC heap before
{Heap before GC invocations=30 (full 0):
 garbage-first heap   total 113664K, used 84161K [0x00000000a1400000, 0x0000000100000000)
  region size 1024K, 34 young (34816K), 7 survivors (7168K)
 Metaspace       used 69824K, committed 70464K, reserved 1114112K
  class space    used 9850K, committed 10176K, reserved 1048576K
}
Event: 15.479 GC heap after
{Heap after GC invocations=31 (full 0):
 garbage-first heap   total 113664K, used 64061K [0x00000000a1400000, 0x0000000100000000)
  region size 1024K, 5 young (5120K), 5 survivors (5120K)
 Metaspace       used 69824K, committed 70464K, reserved 1114112K
  class space    used 9850K, committed 10176K, reserved 1048576K
}
Event: 15.623 GC heap before
{Heap before GC invocations=32 (full 0):
 garbage-first heap   total 124928K, used 84541K [0x00000000a1400000, 0x0000000100000000)
  region size 1024K, 26 young (26624K), 5 survivors (5120K)
 Metaspace       used 69828K, committed 70464K, reserved 1114112K
  class space    used 9850K, committed 10176K, reserved 1048576K
}
Event: 15.636 GC heap after
{Heap after GC invocations=33 (full 0):
 garbage-first heap   total 124928K, used 71666K [0x00000000a1400000, 0x0000000100000000)
  region size 1024K, 4 young (4096K), 4 survivors (4096K)
 Metaspace       used 69828K, committed 70464K, reserved 1114112K
  class space    used 9850K, committed 10176K, reserved 1048576K
}
Event: 15.705 GC heap before
{Heap before GC invocations=33 (full 0):
 garbage-first heap   total 124928K, used 93170K [0x00000000a1400000, 0x0000000100000000)
  region size 1024K, 25 young (25600K), 4 survivors (4096K)
 Metaspace       used 69840K, committed 70464K, reserved 1114112K
  class space    used 9850K, committed 10176K, reserved 1048576K
}
Event: 15.713 GC heap after
{Heap after GC invocations=34 (full 0):
 garbage-first heap   total 124928K, used 75304K [0x00000000a1400000, 0x0000000100000000)
  region size 1024K, 3 young (3072K), 3 survivors (3072K)
 Metaspace       used 69840K, committed 70464K, reserved 1114112K
  class space    used 9850K, committed 10176K, reserved 1048576K
}
Event: 15.785 GC heap before
{Heap before GC invocations=34 (full 0):
 garbage-first heap   total 157696K, used 94760K [0x00000000a1400000, 0x0000000100000000)
  region size 1024K, 23 young (23552K), 3 survivors (3072K)
 Metaspace       used 69844K, committed 70464K, reserved 1114112K
  class space    used 9850K, committed 10176K, reserved 1048576K
}
Event: 15.789 GC heap after
{Heap after GC invocations=35 (full 0):
 garbage-first heap   total 363520K, used 73866K [0x00000000a1400000, 0x0000000100000000)
  region size 1024K, 1 young (1024K), 1 survivors (1024K)
 Metaspace       used 69844K, committed 70464K, reserved 1114112K
  class space    used 9850K, committed 10176K, reserved 1048576K
}
Event: 16.332 GC heap before
{Heap before GC invocations=36 (full 0):
 garbage-first heap   total 363520K, used 214154K [0x00000000a1400000, 0x0000000100000000)
  region size 1024K, 135 young (138240K), 1 survivors (1024K)
 Metaspace       used 70000K, committed 70592K, reserved 1114112K
  class space    used 9877K, committed 10176K, reserved 1048576K
}
Event: 16.380 GC heap after
{Heap after GC invocations=37 (full 0):
 garbage-first heap   total 363520K, used 120358K [0x00000000a1400000, 0x0000000100000000)
  region size 1024K, 17 young (17408K), 17 survivors (17408K)
 Metaspace       used 70000K, committed 70592K, reserved 1114112K
  class space    used 9877K, committed 10176K, reserved 1048576K
}
Event: 16.388 GC heap before
{Heap before GC invocations=37 (full 0):
 garbage-first heap   total 363520K, used 121382K [0x00000000a1400000, 0x0000000100000000)
  region size 1024K, 18 young (18432K), 17 survivors (17408K)
 Metaspace       used 70001K, committed 70592K, reserved 1114112K
  class space    used 9877K, committed 10176K, reserved 1048576K
}
Event: 16.404 GC heap after
{Heap after GC invocations=38 (full 0):
 garbage-first heap   total 363520K, used 117341K [0x00000000a1400000, 0x0000000100000000)
  region size 1024K, 2 young (2048K), 2 survivors (2048K)
 Metaspace       used 70001K, committed 70592K, reserved 1114112K
  class space    used 9877K, committed 10176K, reserved 1048576K
}

